<?xml version="1.0" encoding="UTF-8"?>
<!-- Generated by org.testng.reporters.JUnitReportReporter -->
<testsuite hostname="nbb-244-74" failures="0" tests="2" name="tests.MainPageTest" time="20.215" errors="0" timestamp="2022-04-26T12:16:14 MSK" skipped="0">
  <testcase classname="tests.MainPageTest" name="checkSearchInputNone" time="9.179"/>
  <system-out/>
  <testcase classname="tests.MainPageTest" name="checkDressCard" time="11.036"/>
  <system-out/>
</testsuite> <!-- tests.MainPageTest -->
