<?xml version="1.0" encoding="UTF-8"?>
<!-- Generated by org.testng.reporters.JUnitReportReporter -->
<testsuite hostname="nbb-244-74" failures="0" tests="2" name="tests.MainPageTest" time="5.729" errors="0" timestamp="2022-04-27T09:55:34 MSK" skipped="0">
  <testcase classname="tests.MainPageTest" name="checkSearchInputNone" time="2.112"/>
  <system-out/>
  <testcase classname="tests.MainPageTest" name="checkDressCard" time="3.617"/>
  <system-out/>
</testsuite> <!-- tests.MainPageTest -->
