<?xml version="1.0" encoding="UTF-8"?>
<!-- Generated by org.testng.reporters.JUnitReportReporter -->
<testsuite hostname="nbb-244-74" failures="0" tests="1" name="tests.ContactPageTest" time="14.786" errors="0" timestamp="2022-05-11T09:59:33 MSK" skipped="0">
  <testcase classname="tests.ContactPageTest" name="checkMessageSent" time="14.786"/>
  <system-out/>
</testsuite> <!-- tests.ContactPageTest -->
