<?xml version="1.0" encoding="UTF-8"?>
<!-- Generated by org.testng.reporters.JUnitReportReporter -->
<testsuite hostname="nbb-244-74" failures="0" tests="1" name="tests.EmptyCartPageTest" time="1.503" errors="0" timestamp="2022-04-26T00:58:45 MSK" skipped="0">
  <testcase classname="tests.EmptyCartPageTest" name="checkCardEmpty" time="1.503"/>
  <system-out/>
</testsuite> <!-- tests.EmptyCartPageTest -->
