<?xml version="1.0" encoding="UTF-8"?>
<!-- Generated by org.testng.reporters.JUnitReportReporter -->
<testsuite hostname="nbb-244-74" failures="0" tests="2" name="tests.MainPageTest" time="15.957" errors="0" timestamp="2022-05-11T09:59:33 MSK" skipped="0">
  <testcase classname="tests.MainPageTest" name="checkDressCard" time="8.403"/>
  <system-out/>
  <testcase classname="tests.MainPageTest" name="checkSearchInputNone" time="7.554"/>
  <system-out/>
</testsuite> <!-- tests.MainPageTest -->
