<?xml version="1.0" encoding="UTF-8"?>
<!-- Generated by org.testng.reporters.JUnitReportReporter -->
<testsuite hostname="nbb-244-74" failures="0" tests="1" name="tests.ContactPageTest" time="5.267" errors="0" timestamp="2022-04-26T00:58:45 MSK" skipped="0">
  <testcase classname="tests.ContactPageTest" name="checkMessageSent" time="5.267"/>
  <system-out/>
</testsuite> <!-- tests.ContactPageTest -->
