<?xml version="1.0" encoding="UTF-8"?>
<!-- Generated by org.testng.reporters.JUnitReportReporter -->
<testsuite hostname="nbb-244-74" failures="0" tests="1" name="tests.EmptyCartPageTest" time="12.006" errors="0" timestamp="2022-04-26T17:50:10 MSK" skipped="0">
  <testcase classname="tests.EmptyCartPageTest" name="checkCardEmpty" time="12.006"/>
  <system-out/>
</testsuite> <!-- tests.EmptyCartPageTest -->
