<?xml version="1.0" encoding="UTF-8"?>
<!-- Generated by org.testng.reporters.JUnitReportReporter -->
<testsuite hostname="nbb-244-74" failures="0" tests="1" name="tests.ContactPageTest" time="3.218" errors="0" timestamp="2022-04-26T09:01:09 MSK" skipped="0">
  <testcase classname="tests.ContactPageTest" name="checkMessageSent" time="3.218"/>
  <system-out/>
</testsuite> <!-- tests.ContactPageTest -->
