<?xml version="1.0" encoding="UTF-8"?>
<!-- Generated by org.testng.reporters.JUnitReportReporter -->
<testsuite hostname="nbb-244-74" failures="0" tests="1" name="tests.EmptyCartPageTest" time="1.061" errors="0" timestamp="2022-04-27T09:55:34 MSK" skipped="0">
  <testcase classname="tests.EmptyCartPageTest" name="checkCardEmpty" time="1.061"/>
  <system-out/>
</testsuite> <!-- tests.EmptyCartPageTest -->
