<?xml version="1.0" encoding="UTF-8"?>
<!-- Generated by org.testng.reporters.JUnitReportReporter -->
<testsuite hostname="nbb-244-74" failures="0" tests="1" name="tests.EmptyCartPageTest" time="6.083" errors="0" timestamp="2022-04-26T12:16:14 MSK" skipped="0">
  <testcase classname="tests.EmptyCartPageTest" name="checkCardEmpty" time="6.083"/>
  <system-out/>
</testsuite> <!-- tests.EmptyCartPageTest -->
