<?xml version="1.0" encoding="UTF-8"?>
<!-- Generated by org.testng.reporters.JUnitReportReporter -->
<testsuite hostname="nbb-244-74" failures="0" tests="2" name="tests.MainPageTest" time="6.872" errors="0" timestamp="2022-04-26T09:01:09 MSK" skipped="0">
  <testcase classname="tests.MainPageTest" name="checkDressCard" time="5.392"/>
  <system-out/>
  <testcase classname="tests.MainPageTest" name="checkSearchInputNone" time="1.480"/>
  <system-out/>
</testsuite> <!-- tests.MainPageTest -->
