<?xml version="1.0" encoding="UTF-8"?>
<!-- Generated by org.testng.reporters.JUnitReportReporter -->
<testsuite hostname="nbb-244-74" failures="0" tests="2" name="tests.MainPageTest" time="32.390" errors="0" timestamp="2022-04-26T17:50:10 MSK" skipped="0">
  <testcase classname="tests.MainPageTest" name="checkDressCard" time="25.091"/>
  <system-out/>
  <testcase classname="tests.MainPageTest" name="checkSearchInputNone" time="7.299"/>
  <system-out/>
</testsuite> <!-- tests.MainPageTest -->
